[04-Dec-2015 06:10:37 CST6CDT] mail() on [/home/primecut/public_html/gmede/bin/MailHandler.php:22]: To: sfakianakis.michael@gmail.com -- Headers: From:codfrrvvaxp@udkdoles.net
[14-Dec-2015 17:32:25 CST6CDT] mail() on [/home/primecut/public_html/gmede/bin/MailHandler.php:22]: To:  -- Headers: From:
[14-Dec-2015 23:56:06 CST6CDT] mail() on [/home/primecut/public_html/gmede/bin/MailHandler.php:22]: To: sfakianakis.michael@gmail.com -- Headers: From:pyowspxjxm@udkdoles.net
[31-Dec-2015 14:36:55 CST6CDT] mail() on [/home/primecut/public_html/gmede/bin/MailHandler.php:22]: To: sfakianakis.michael@gmail.com -- Headers: From:dafhpgb@udkdoles.net
[02-Jan-2016 14:25:15 CST6CDT] mail() on [/home/primecut/public_html/gmede/bin/air-transfers-MailHandler.php:75]: To: info@gmede.com -- Headers: From:Gmede.com
[08-Jan-2016 00:59:13 CST6CDT] mail() on [/home/primecut/public_html/gmede/bin/MailHandler.php:22]: To: sfakianakis.michael@gmail.com -- Headers: From:ddazhvwaf@udkdoles.net
[13-Jan-2016 14:39:04 CST6CDT] mail() on [/home/primecut/public_html/gmede/bin/air-transfers-MailHandler.php:75]: To: info@gmede.com -- Headers: From:Gmede.com
[14-Jan-2016 10:47:07 CST6CDT] mail() on [/home/primecut/public_html/gmede/bin/MailHandler.php:22]: To:  -- Headers: From:
[14-Jan-2016 23:02:12 CST6CDT] mail() on [/home/primecut/public_html/gmede/bin/air-transfers-MailHandler.php:75]: To: info@gmede.com -- Headers: From:Gmede.com
[26-Jan-2016 19:48:42 CST6CDT] mail() on [/home/primecut/public_html/gmede/bin/MailHandler.php:22]: To: sfakianakis.michael@gmail.com -- Headers: From:gdgmikymffg@udkdoles.net
[02-Feb-2016 01:05:58 CST6CDT] mail() on [/home/primecut/public_html/gmede/bin/MailHandler.php:22]: To: sfakianakis.michael@gmail.com -- Headers: From:sania.lorison@gmail.com
[02-Feb-2016 16:30:54 CST6CDT] mail() on [/home/primecut/public_html/gmede/bin/air-transfers-MailHandler.php:75]: To: info@gmede.com -- Headers: From:Gmede.com
[06-Feb-2016 19:47:03 CST6CDT] mail() on [/home/primecut/public_html/gmede/bin/MailHandler.php:22]: To: sfakianakis.michael@gmail.com -- Headers: From:hkoffbf@udkdoles.net
[10-Feb-2016 16:07:51 CST6CDT] mail() on [/home/primecut/public_html/gmede/bin/MailHandler.php:22]: To:  -- Headers: From:
[17-Feb-2016 12:18:54 CST6CDT] mail() on [/home/primecut/public_html/gmede/bin/MailHandler.php:22]: To: sfakianakis.michael@gmail.com -- Headers: From:lfxfqrwes@udkdoles.net
[21-Feb-2016 13:47:56 CST6CDT] mail() on [/home/primecut/public_html/gmede/bin/MailHandler.php:22]: To: sfakianakis.michael@gmail.com -- Headers: From:ptaonrtw@udkdoles.net
[25-Feb-2016 05:36:27 CST6CDT] mail() on [/home/primecut/public_html/gmede/bin/MailHandler.php:22]: To: sfakianakis.michael@gmail.com -- Headers: From:addamscotts@gmail.com
[03-Mar-2016 20:28:52 CST6CDT] mail() on [/home/primecut/public_html/gmede/bin/MailHandler.php:22]: To: sfakianakis.michael@gmail.com -- Headers: From:tqqbosfh@udkdoles.net
[14-Mar-2016 17:38:43 CST6CDT] mail() on [/home/primecut/public_html/gmede/bin/MailHandler.php:22]: To:  -- Headers: From:
[23-Mar-2016 14:57:05 CST6CDT] mail() on [/home/primecut/public_html/gmede/bin/air-transfers-MailHandler.php:75]: To: info@gmede.com -- Headers: From:Gmede.com
[30-Mar-2016 19:27:37 CST6CDT] mail() on [/home/primecut/public_html/gmede/bin/MailHandler.php:22]: To: sfakianakis.michael@gmail.com -- Headers: From:rwtxxrzgzf@udkdoles.net
[31-Mar-2016 01:09:00 CST6CDT] mail() on [/home/primecut/public_html/gmede/bin/MailHandler.php:22]: To: sfakianakis.michael@gmail.com -- Headers: From:jaz@depthtravel.net
[31-Mar-2016 12:21:31 CST6CDT] mail() on [/home/primecut/public_html/gmede/bin/air-transfers-MailHandler.php:75]: To: info@gmede.com -- Headers: From:Gmede.com
[12-Apr-2016 21:04:51 CST6CDT] mail() on [/home/primecut/public_html/gmede/bin/MailHandler.php:22]: To:  -- Headers: From:
[17-Apr-2016 13:38:30 CST6CDT] mail() on [/home/primecut/public_html/gmede/bin/MailHandler.php:22]: To: sfakianakis.michael@gmail.com -- Headers: From:Kwak1000s@aol.com
[20-Apr-2016 10:58:52 CST6CDT] mail() on [/home/primecut/public_html/gmede/bin/MailHandler.php:22]: To: sfakianakis.michael@gmail.com -- Headers: From:fokosady@gmail.com
[22-Apr-2016 13:35:17 CST6CDT] mail() on [/home/primecut/public_html/gmede/bin/MailHandler.php:22]: To: sfakianakis.michael@gmail.com -- Headers: From:vpcxynuea@gmail.com
[23-Apr-2016 04:24:38 CST6CDT] mail() on [/home/primecut/public_html/gmede/bin/MailHandler.php:22]: To: sfakianakis.michael@gmail.com -- Headers: From:abel_elsayed72@rambler.ru
[10-May-2016 11:09:35 CST6CDT] mail() on [/home/primecut/public_html/gmede/bin/MailHandler.php:22]: To: sfakianakis.michael@gmail.com -- Headers: From:joseantoniocunha@yahoo.com.br
[13-May-2016 14:46:43 CST6CDT] mail() on [/home/primecut/public_html/gmede/bin/MailHandler.php:22]: To:  -- Headers: From:
[17-May-2016 19:08:00 CST6CDT] mail() on [/home/primecut/public_html/gmede/bin/air-transfers-MailHandler.php:75]: To: info@gmede.com -- Headers: From:Gmede.com
[31-May-2016 04:31:53 CST6CDT] mail() on [/home/primecut/public_html/gmede/bin/air-transfers-MailHandler.php:75]: To: info@gmede.com -- Headers: From:Gmede.com
[02-Jun-2016 13:52:54 CST6CDT] mail() on [/home/primecut/public_html/gmede/bin/air-transfers-MailHandler.php:75]: To: info@gmede.com -- Headers: From:Gmede.com
[13-Jun-2016 13:19:40 CST6CDT] mail() on [/home/primecut/public_html/gmede/bin/MailHandler.php:22]: To:  -- Headers: From:
[17-Jun-2016 07:33:32 CST6CDT] mail() on [/home/primecut/public_html/gmede/bin/air-transfers-MailHandler.php:75]: To: info@gmede.com -- Headers: From:Gmede.com
[28-Jun-2016 23:17:11 CST6CDT] mail() on [/home/primecut/public_html/gmede/bin/MailHandler.php:22]: To: sfakianakis.michael@gmail.com -- Headers: From:Paul@5starrep.com
[29-Jun-2016 13:28:52 CST6CDT] mail() on [/home/primecut/public_html/gmede/bin/MailHandler.php:22]: To: sfakianakis.michael@gmail.com -- Headers: From:Gina@socialb.net
[30-Jun-2016 04:01:29 CST6CDT] mail() on [/home/primecut/public_html/gmede/bin/MailHandler.php:22]: To: sfakianakis.michael@gmail.com -- Headers: From:Deansharp@gmail.com
[30-Jun-2016 10:19:09 CST6CDT] mail() on [/home/primecut/public_html/gmede/bin/MailHandler.php:22]: To: sfakianakis.michael@gmail.com -- Headers: From:zzcpmjxujp@googlemail.com
[04-Jul-2016 06:13:32 CST6CDT] mail() on [/home/primecut/public_html/gmede/bin/MailHandler.php:22]: To: sfakianakis.michael@gmail.com -- Headers: From:alicethomas.mkt@gmail.com
[05-Jul-2016 07:50:30 CST6CDT] mail() on [/home/primecut/public_html/gmede/bin/air-transfers-MailHandler.php:75]: To: info@gmede.com -- Headers: From:Gmede.com
[13-Jul-2016 00:34:15 CST6CDT] mail() on [/home/primecut/public_html/gmede/bin/MailHandler.php:22]: To:  -- Headers: From:
[13-Jul-2016 21:29:25 CST6CDT] mail() on [/home/primecut/public_html/gmede/bin/MailHandler.php:22]: To: sfakianakis.michael@gmail.com -- Headers: From:mvttnbnjex@googlemail.com
[15-Jul-2016 12:52:04 CST6CDT] mail() on [/home/primecut/public_html/gmede/bin/air-transfers-MailHandler.php:75]: To: info@gmede.com -- Headers: From:Gmede.com
[16-Jul-2016 22:05:55 CST6CDT] mail() on [/home/primecut/public_html/gmede/bin/air-transfers-MailHandler.php:75]: To: info@gmede.com -- Headers: From:Gmede.com
[22-Jul-2016 05:31:01 CST6CDT] mail() on [/home/primecut/public_html/gmede/bin/air-transfers-MailHandler.php:75]: To: info@gmede.com -- Headers: From:Gmede.com
[25-Jul-2016 01:41:39 CST6CDT] mail() on [/home/primecut/public_html/gmede/bin/MailHandler.php:22]: To: sfakianakis.michael@gmail.com -- Headers: From:ozsqdaacmhp@perkrad.com
[04-Aug-2016 02:47:28 CST6CDT] mail() on [/home/primecut/public_html/gmede/bin/MailHandler.php:22]: To: sfakianakis.michael@gmail.com -- Headers: From:qqysbghc@derkras.com
[09-Aug-2016 00:19:05 CST6CDT] mail() on [/home/primecut/public_html/gmede/bin/MailHandler.php:22]: To: sfakianakis.michael@gmail.com -- Headers: From:efjcnrfxq@derkras.com
[10-Aug-2016 11:52:02 CST6CDT] mail() on [/home/primecut/public_html/gmede/bin/MailHandler.php:22]: To:  -- Headers: From:
[17-Aug-2016 05:11:12 CST6CDT] mail() on [/home/primecut/public_html/gmede/bin/MailHandler.php:22]: To: sfakianakis.michael@gmail.com -- Headers: From:fdeabreu@gmail.com
[03-Sep-2016 11:16:53 CST6CDT] mail() on [/home/primecut/public_html/gmede/bin/MailHandler.php:22]: To: sfakianakis.michael@gmail.com -- Headers: From:bfjqyo@meldram.com
[09-Sep-2016 06:43:20 CST6CDT] mail() on [/home/primecut/public_html/gmede/bin/MailHandler.php:22]: To: sfakianakis.michael@gmail.com -- Headers: From:elnfxjwo@meldram.com
[14-Sep-2016 00:23:22 CST6CDT] mail() on [/home/primecut/public_html/gmede/bin/MailHandler.php:22]: To:  -- Headers: From:
[06-Oct-2016 09:57:36 CST6CDT] mail() on [/home/primecut/public_html/gmede/bin/MailHandler.php:22]: To: sfakianakis.michael@gmail.com -- Headers: From:gjkzzabcac@gratainmet.com
[12-Oct-2016 18:31:55 CST6CDT] mail() on [/home/primecut/public_html/gmede/bin/MailHandler.php:22]: To:  -- Headers: From:
[13-Oct-2016 16:17:52 CST6CDT] mail() on [/home/primecut/public_html/gmede/bin/MailHandler.php:22]: To: sfakianakis.michael@gmail.com -- Headers: From:bvmwmb@gratainmet.com
[14-Oct-2016 22:03:09 CST6CDT] mail() on [/home/primecut/public_html/gmede/bin/MailHandler.php:22]: To: sfakianakis.michael@gmail.com -- Headers: From:team@betterbusinessowner.biz
[20-Oct-2016 17:25:20 CST6CDT] mail() on [/home/primecut/public_html/gmede/bin/MailHandler.php:22]: To: sfakianakis.michael@gmail.com -- Headers: From:E-mail:
[25-Oct-2016 01:25:49 CST6CDT] mail() on [/home/primecut/public_html/gmede/bin/MailHandler.php:22]: To: sfakianakis.michael@gmail.com -- Headers: From:wesley_hodell94@rambler.ru
[31-Oct-2016 11:00:47 CST6CDT] mail() on [/home/primecut/public_html/gmede/bin/MailHandler.php:22]: To: sfakianakis.michael@gmail.com -- Headers: From:info@media-posting.com
[03-Nov-2016 18:16:50 CST6CDT] mail() on [/home/primecut/public_html/gmede/bin/MailHandler.php:22]: To: sfakianakis.michael@gmail.com -- Headers: From:jzkkzlswgex@denarcteel.com
[08-Nov-2016 04:43:48 CST6CDT] mail() on [/home/primecut/public_html/gmede/bin/MailHandler.php:22]: To: sfakianakis.michael@gmail.com -- Headers: From:nzuhaw@denarcteel.com
[10-Nov-2016 13:17:58 CST6CDT] mail() on [/home/primecut/public_html/gmede/bin/MailHandler.php:22]: To:  -- Headers: From:
[22-Nov-2016 06:44:29 CST6CDT] mail() on [/home/primecut/public_html/gmede/bin/MailHandler.php:22]: To: sfakianakis.michael@gmail.com -- Headers: From:tovvbt@fjloig.com
[22-Nov-2016 06:44:30 CST6CDT] mail() on [/home/primecut/public_html/gmede/bin/MailHandler.php:22]: To:  -- Headers: From:
[30-Nov-2016 02:54:36 CST6CDT] mail() on [/home/primecut/public_html/gmede/bin/MailHandler.php:22]: To: sfakianakis.michael@gmail.com -- Headers: From:gfazdfvpdgq@earthlink.net
[03-Dec-2016 02:46:00 CST6CDT] mail() on [/home/primecut/public_html/gmede/bin/MailHandler.php:22]: To: sfakianakis.michael@gmail.com -- Headers: From:umtemmutms@ymail.com
[04-Dec-2016 00:48:34 CST6CDT] mail() on [/home/primecut/public_html/gmede/bin/MailHandler.php:22]: To: sfakianakis.michael@gmail.com -- Headers: From:bixtvmfuni@gmail.com
[05-Dec-2016 14:27:40 CST6CDT] mail() on [/home/primecut/public_html/gmede/bin/MailHandler.php:22]: To: sfakianakis.michael@gmail.com -- Headers: From:ysemte@ymail.com
[07-Dec-2016 21:15:36 CST6CDT] mail() on [/home/primecut/public_html/gmede/bin/MailHandler.php:22]: To: sfakianakis.michael@gmail.com -- Headers: From:pfhorl@onydwukssgp.com
[08-Dec-2016 15:14:35 CST6CDT] mail() on [/home/primecut/public_html/gmede/bin/MailHandler.php:22]: To: sfakianakis.michael@gmail.com -- Headers: From:gaxacnh@iqnidiugncs.com
[12-Dec-2016 13:55:41 CST6CDT] mail() on [/home/primecut/public_html/gmede/bin/MailHandler.php:22]: To:  -- Headers: From:
[18-Dec-2016 19:07:13 CST6CDT] mail() on [/home/primecut/public_html/gmede/bin/MailHandler.php:22]: To: sfakianakis.michael@gmail.com -- Headers: From:johnkotsimbos@verizon.net
[21-Dec-2016 16:27:28 CST6CDT] mail() on [/home/primecut/public_html/gmede/bin/air-transfers-MailHandler.php:75]: To: info@gmede.com -- Headers: From:Gmede.com
[03-Jan-2017 10:54:36 CST6CDT] mail() on [/home/primecut/public_html/gmede/bin/air-transfers-MailHandler.php:75]: To: info@gmede.com -- Headers: From:Gmede.com
[10-Jan-2017 20:20:04 CST6CDT] mail() on [/home/primecut/public_html/gmede/bin/MailHandler.php:22]: To:  -- Headers: From:
[13-Jan-2017 00:32:44 CST6CDT] mail() on [/home/primecut/public_html/gmede/bin/MailHandler.php:22]: To: sfakianakis.michael@gmail.com -- Headers: From:deano@allhatsmedia.org
[19-Jan-2017 21:49:26 CST6CDT] mail() on [/home/primecut/public_html/gmede/bin/MailHandler.php:22]: To: sfakianakis.michael@gmail.com -- Headers: From:noreply@dnsrc.com
[20-Jan-2017 23:58:35 CST6CDT] mail() on [/home/primecut/public_html/gmede/bin/MailHandler.php:22]: To: sfakianakis.michael@gmail.com -- Headers: From:fundingteam+gmede.com@getbusinessfunded.com
[21-Jan-2017 12:32:44 CST6CDT] mail() on [/home/primecut/public_html/gmede/bin/MailHandler.php:22]: To: sfakianakis.michael@gmail.com -- Headers: From:noreply@dnsrc.com
[24-Jan-2017 09:44:09 CST6CDT] mail() on [/home/primecut/public_html/gmede/bin/MailHandler.php:22]: To: sfakianakis.michael@gmail.com -- Headers: From:E-mail:
[26-Jan-2017 06:31:13 CST6CDT] mail() on [/home/primecut/public_html/gmede/bin/MailHandler.php:22]: To: sfakianakis.michael@gmail.com -- Headers: From:deano@allhatsmedia.org
[27-Jan-2017 14:26:21 CST6CDT] mail() on [/home/primecut/public_html/gmede/bin/MailHandler.php:22]: To: sfakianakis.michael@gmail.com -- Headers: From:E-mail:
[02-Feb-2017 14:26:21 CST6CDT] mail() on [/home/primecut/public_html/gmede/bin/MailHandler.php:22]: To: sfakianakis.michael@gmail.com -- Headers: From:E-mail:
[03-Feb-2017 09:41:09 CST6CDT] mail() on [/home/primecut/public_html/gmede/bin/air-transfers-MailHandler.php:75]: To: info@gmede.com -- Headers: From:Gmede.com
[09-Feb-2017 19:36:37 CST6CDT] mail() on [/home/primecut/public_html/gmede/bin/MailHandler.php:22]: To:  -- Headers: From:
[11-Feb-2017 07:51:27 CST6CDT] mail() on [/home/primecut/public_html/gmede/bin/MailHandler.php:22]: To: sfakianakis.michael@gmail.com -- Headers: From:E-mail:
[16-Feb-2017 03:44:14 CST6CDT] mail() on [/home/primecut/public_html/gmede/bin/MailHandler.php:22]: To: sfakianakis.michael@gmail.com -- Headers: From:E-mail:
[17-Feb-2017 08:05:10 CST6CDT] mail() on [/home/primecut/public_html/gmede/bin/air-transfers-MailHandler.php:75]: To: info@gmede.com -- Headers: From:Gmede.com
[21-Feb-2017 06:23:39 CST6CDT] mail() on [/home/primecut/public_html/gmede/bin/MailHandler.php:22]: To: sfakianakis.michael@gmail.com -- Headers: From:gdgjefkra@kcfwqrczobl.com
[26-Feb-2017 12:24:03 CST6CDT] mail() on [/home/primecut/public_html/gmede/bin/MailHandler.php:22]: To: sfakianakis.michael@gmail.com -- Headers: From:E-mail:
[26-Feb-2017 12:42:23 CST6CDT] mail() on [/home/primecut/public_html/gmede/bin/MailHandler.php:22]: To: sfakianakis.michael@gmail.com -- Headers: From:cjskvqy@qmqzvas.com
[02-Mar-2017 22:19:36 CST6CDT] mail() on [/home/primecut/public_html/gmede/bin/MailHandler.php:22]: To: sfakianakis.michael@gmail.com -- Headers: From:E-mail:
[05-Mar-2017 01:49:58 CST6CDT] mail() on [/home/primecut/public_html/gmede/bin/air-transfers-MailHandler.php:75]: To: info@gmede.com -- Headers: From:Gmede.com
[06-Mar-2017 23:21:28 CST6CDT] mail() on [/home/primecut/public_html/gmede/bin/MailHandler.php:22]: To: sfakianakis.michael@gmail.com -- Headers: From:qdqvijcuadn@bzgtykd.com
[09-Mar-2017 17:58:08 CST6CDT] mail() on [/home/primecut/public_html/gmede/bin/MailHandler.php:22]: To:  -- Headers: From:
[14-Mar-2017 12:57:42 CST6CDT] mail() on [/home/primecut/public_html/gmede/bin/MailHandler.php:22]: To: sfakianakis.michael@gmail.com -- Headers: From:ojmwczgfk@yfuugefxpna.com
[16-Mar-2017 11:51:11 CST6CDT] mail() on [/home/primecut/public_html/gmede/bin/MailHandler.php:22]: To: sfakianakis.michael@gmail.com -- Headers: From:E-mail:
[20-Mar-2017 15:36:21 CST6CDT] mail() on [/home/primecut/public_html/gmede/bin/MailHandler.php:22]: To: sfakianakis.michael@gmail.com -- Headers: From:danaeger@hotmail.com
[22-Mar-2017 09:43:22 CST6CDT] mail() on [/home/primecut/public_html/gmede/bin/MailHandler.php:22]: To: sfakianakis.michael@gmail.com -- Headers: From:E-mail:
[23-Mar-2017 08:19:40 CST6CDT] mail() on [/home/primecut/public_html/gmede/bin/MailHandler.php:22]: To: sfakianakis.michael@gmail.com -- Headers: From:sasfyv@bcnocn.com
[28-Mar-2017 02:21:39 CST6CDT] mail() on [/home/primecut/public_html/gmede/bin/MailHandler.php:22]: To: sfakianakis.michael@gmail.com -- Headers: From:odrhest@jjumhh.com
[28-Mar-2017 16:14:01 CST6CDT] mail() on [/home/primecut/public_html/gmede/bin/air-transfers-MailHandler.php:75]: To: info@gmede.com -- Headers: From:Gmede.com
[01-Apr-2017 15:03:42 CST6CDT] mail() on [/home/primecut/public_html/gmede/bin/MailHandler.php:22]: To: sfakianakis.michael@gmail.com -- Headers: From:jqrasyhxw@aodpruahdiq.com
[04-Apr-2017 07:34:56 CST6CDT] mail() on [/home/primecut/public_html/gmede/bin/MailHandler.php:22]: To: sfakianakis.michael@gmail.com -- Headers: From:E-mail:
[04-Apr-2017 11:57:40 CST6CDT] mail() on [/home/primecut/public_html/gmede/bin/honeymoon-MailHandler.php:27]: To: info@gmede.com -- Headers: From:Gmede.com
[16-Apr-2017 05:32:07 CST6CDT] mail() on [/home/primecut/public_html/gmede/bin/MailHandler.php:22]: To: sfakianakis.michael@gmail.com -- Headers: From:E-mail:
[18-Apr-2017 04:56:38 CST6CDT] mail() on [/home/primecut/public_html/gmede/bin/MailHandler.php:22]: To:  -- Headers: From:
[22-Apr-2017 18:16:03 CST6CDT] mail() on [/home/primecut/public_html/gmede/bin/air-transfers-MailHandler.php:75]: To: info@gmede.com -- Headers: From:Gmede.com
[22-Apr-2017 22:02:03 CST6CDT] mail() on [/home/primecut/public_html/gmede/bin/MailHandler.php:22]: To: sfakianakis.michael@gmail.com -- Headers: From:slvgaepqj@veqoauk.com
[25-Apr-2017 18:20:05 CST6CDT] mail() on [/home/primecut/public_html/gmede/bin/MailHandler.php:22]: To: sfakianakis.michael@gmail.com -- Headers: From:mail@webfusion360.info
[02-May-2017 04:56:04 CST6CDT] mail() on [/home/primecut/public_html/gmede/bin/MailHandler.php:22]: To: sfakianakis.michael@gmail.com -- Headers: From:qkffrhy@knyrlwaah.com
[05-May-2017 03:40:09 CST6CDT] mail() on [/home/primecut/public_html/gmede/bin/MailHandler.php:22]: To: sfakianakis.michael@gmail.com -- Headers: From:E-mail:
[06-May-2017 02:23:59 CST6CDT] mail() on [/home/primecut/public_html/gmede/bin/MailHandler.php:22]: To: sfakianakis.michael@gmail.com -- Headers: From:twnxbary@nwbhenusruw.com
[08-May-2017 13:21:11 CST6CDT] mail() on [/home/primecut/public_html/gmede/bin/MailHandler.php:22]: To: sfakianakis.michael@gmail.com -- Headers: From:angela.kimani@aexp.com
[08-May-2017 13:21:12 CST6CDT] mail() on [/home/primecut/public_html/gmede/bin/MailHandler.php:22]: To: sfakianakis.michael@gmail.com -- Headers: From:angela.kimani@aexp.com
[11-May-2017 04:32:00 CST6CDT] mail() on [/home/primecut/public_html/gmede/bin/MailHandler.php:22]: To: sfakianakis.michael@gmail.com -- Headers: From:lxcfijbkrij@almmsfa.com
[11-May-2017 15:03:34 CST6CDT] mail() on [/home/primecut/public_html/gmede/bin/MailHandler.php:22]: To:  -- Headers: From:
[11-May-2017 20:23:33 CST6CDT] mail() on [/home/primecut/public_html/gmede/bin/air-transfers-MailHandler.php:75]: To: info@gmede.com -- Headers: From:Gmede.com
[16-May-2017 00:50:38 CST6CDT] mail() on [/home/primecut/public_html/gmede/bin/MailHandler.php:22]: To: sfakianakis.michael@gmail.com -- Headers: From:kzwaiua@dmtygzpnic.com
[20-May-2017 00:44:57 CST6CDT] mail() on [/home/primecut/public_html/gmede/bin/MailHandler.php:22]: To: sfakianakis.michael@gmail.com -- Headers: From:tyapbcmr@kfmfppw.com
[23-May-2017 14:28:36 CST6CDT] mail() on [/home/primecut/public_html/gmede/bin/MailHandler.php:22]: To: sfakianakis.michael@gmail.com -- Headers: From:tzynoxifeb@tujvqualrwd.com
[24-May-2017 11:03:00 CST6CDT] mail() on [/home/primecut/public_html/gmede/bin/MailHandler.php:22]: To: sfakianakis.michael@gmail.com -- Headers: From:jaweyjzysp@allhatsseo4u.com
[30-May-2017 14:04:23 CST6CDT] mail() on [/home/primecut/public_html/gmede/bin/MailHandler.php:22]: To: sfakianakis.michael@gmail.com -- Headers: From:E-mail:
[03-Jun-2017 06:57:33 CST6CDT] mail() on [/home/primecut/public_html/gmede/bin/MailHandler.php:22]: To: sfakianakis.michael@gmail.com -- Headers: From:gsndif@allhatsseo2u.com
[12-Jun-2017 22:46:04 CST6CDT] mail() on [/home/primecut/public_html/gmede/bin/MailHandler.php:22]: To:  -- Headers: From:
[13-Jun-2017 00:04:19 CST6CDT] mail() on [/home/primecut/public_html/gmede/bin/MailHandler.php:22]: To:  -- Headers: From:
[20-Jun-2017 08:52:14 CST6CDT] mail() on [/home/primecut/public_html/gmede/bin/MailHandler.php:22]: To: sfakianakis.michael@gmail.com -- Headers: From:yxrmfgpgxkd@allhatsseo2u.com
[04-Jul-2017 13:53:13 CST6CDT] mail() on [/home/primecut/public_html/gmede/bin/MailHandler.php:22]: To: sfakianakis.michael@gmail.com -- Headers: From:ftgigodpcg@zigdplnvmo.com
[14-Jul-2017 09:46:24 CST6CDT] mail() on [/home/primecut/public_html/gmede/bin/MailHandler.php:22]: To:  -- Headers: From:
[14-Jul-2017 11:17:24 CST6CDT] mail() on [/home/primecut/public_html/gmede/bin/MailHandler.php:22]: To:  -- Headers: From:
[16-Jul-2017 22:37:30 CST6CDT] mail() on [/home/primecut/public_html/gmede/bin/destination-MailHandler.php:82]: To: info@gmede.com -- Headers: From:Gmede.com
[17-Jul-2017 10:20:31 CST6CDT] mail() on [/home/primecut/public_html/gmede/bin/MailHandler.php:22]: To:  -- Headers: From:
[17-Jul-2017 10:30:51 CST6CDT] mail() on [/home/primecut/public_html/gmede/bin/MailHandler.php:22]: To:  -- Headers: From:
[17-Jul-2017 10:59:20 CST6CDT] mail() on [/home/primecut/public_html/gmede/bin/MailHandler.php:22]: To:  -- Headers: From:
[20-Jul-2017 01:16:13 CST6CDT] mail() on [/home/primecut/public_html/gmede/bin/MailHandler.php:22]: To: sfakianakis.michael@gmail.com -- Headers: From:vxpofz@allhatssseo.info
[24-Jul-2017 15:47:05 CST6CDT] mail() on [/home/primecut/public_html/gmede/bin/MailHandler.php:22]: To: sfakianakis.michael@gmail.com -- Headers: From:obsgyou@osahhbwjdh.com
[28-Jul-2017 16:15:48 CST6CDT] mail() on [/home/primecut/public_html/gmede/bin/MailHandler.php:22]: To: sfakianakis.michael@gmail.com -- Headers: From:steve@accuratemediasolutions.info
[01-Aug-2017 15:48:44 CST6CDT] mail() on [/home/primecut/public_html/gmede/bin/MailHandler.php:22]: To: sfakianakis.michael@gmail.com -- Headers: From:steve@accuratemediasolutions.info
[02-Aug-2017 23:51:42 CST6CDT] mail() on [/home/primecut/public_html/gmede/bin/MailHandler.php:22]: To: sfakianakis.michael@gmail.com -- Headers: From:biqywfxadc@czlkhowit.com
[08-Aug-2017 04:10:48 CST6CDT] mail() on [/home/primecut/public_html/gmede/bin/MailHandler.php:22]: To: sfakianakis.michael@gmail.com -- Headers: From:sal-ward@accuratemediasolutions.info
[15-Aug-2017 15:39:52 CST6CDT] mail() on [/home/primecut/public_html/gmede/bin/MailHandler.php:22]: To: sfakianakis.michael@gmail.com -- Headers: From:stevewest-vcbpkky@gmail.com
[17-Aug-2017 03:48:57 CST6CDT] mail() on [/home/primecut/public_html/gmede/bin/MailHandler.php:22]: To: sfakianakis.michael@gmail.com -- Headers: From:stevejones-buzwwjrtof@gmail.com
[20-Aug-2017 00:47:08 CST6CDT] mail() on [/home/primecut/public_html/gmede/bin/MailHandler.php:22]: To:  -- Headers: From:
[21-Aug-2017 11:20:15 CST6CDT] mail() on [/home/primecut/public_html/gmede/bin/MailHandler.php:22]: To: sfakianakis.michael@gmail.com -- Headers: From:stevenunn-yuxlzjern@gmail.com
[21-Aug-2017 16:32:13 CST6CDT] mail() on [/home/primecut/public_html/gmede/bin/air-transfers-MailHandler.php:75]: To: info@gmede.com -- Headers: From:Gmede.com
[22-Aug-2017 23:40:18 CST6CDT] mail() on [/home/primecut/public_html/gmede/bin/MailHandler.php:22]: To: sfakianakis.michael@gmail.com -- Headers: From:stevejones-grnffiyp@gmail.com
[29-Aug-2017 06:38:57 CST6CDT] mail() on [/home/primecut/public_html/gmede/bin/air-transfers-MailHandler.php:75]: To: info@gmede.com -- Headers: From:Gmede.com
[05-Sep-2017 19:15:45 CST6CDT] mail() on [/home/primecut/public_html/gmede/bin/MailHandler.php:22]: To: sfakianakis.michael@gmail.com -- Headers: From:superstevemarks@gmail.com
[14-Sep-2017 21:44:58 CST6CDT] mail() on [/home/primecut/public_html/gmede/bin/MailHandler.php:22]: To:  -- Headers: From:
[16-Sep-2017 21:52:38 CST6CDT] mail() on [/home/primecut/public_html/gmede/bin/MailHandler.php:22]: To: sfakianakis.michael@gmail.com -- Headers: From:tfxyrmfpyps@dyjsdvtujjp.com
[18-Sep-2017 19:08:24 CST6CDT] mail() on [/home/primecut/public_html/gmede/bin/MailHandler.php:22]: To: sfakianakis.michael@gmail.com -- Headers: From:Eltonreed@mybusinesspal.org
[30-Sep-2017 18:58:54 CST6CDT] mail() on [/home/primecut/public_html/gmede/bin/MailHandler.php:22]: To: sfakianakis.michael@gmail.com -- Headers: From:maplnpzdc@fmndpz.com
[02-Oct-2017 22:28:20 CST6CDT] mail() on [/home/primecut/public_html/gmede/bin/MailHandler.php:22]: To: sfakianakis.michael@gmail.com -- Headers: From:sal@roiresultsmarketing.info
[06-Oct-2017 23:32:25 CST6CDT] mail() on [/home/primecut/public_html/gmede/bin/MailHandler.php:22]: To: sfakianakis.michael@gmail.com -- Headers: From:Elton[*]@gmail.com
[11-Oct-2017 14:21:42 CST6CDT] mail() on [/home/primecut/public_html/gmede/bin/MailHandler.php:22]: To: sfakianakis.michael@gmail.com -- Headers: From:Salknowsleads@gmail.com
[18-Oct-2017 21:41:36 CST6CDT] mail() on [/home/primecut/public_html/gmede/bin/MailHandler.php:22]: To:  -- Headers: From:
[22-Oct-2017 05:28:12 CST6CDT] mail() on [/home/primecut/public_html/gmede/bin/MailHandler.php:22]: To: sfakianakis.michael@gmail.com -- Headers: From:dnlvwlvzv@vxaevejscsm.com
[25-Oct-2017 08:09:13 CST6CDT] mail() on [/home/primecut/public_html/gmede/bin/MailHandler.php:22]: To: sfakianakis.michael@gmail.com -- Headers: From:newslentarus@mail.ru
[09-Nov-2017 07:34:38 CST6CDT] mail() on [/home/primecut/public_html/gmede/bin/MailHandler.php:22]: To: sfakianakis.michael@gmail.com -- Headers: From:natali@mail.ru
[09-Nov-2017 10:29:32 CST6CDT] mail() on [/home/primecut/public_html/gmede/bin/MailHandler.php:22]: To: sfakianakis.michael@gmail.com -- Headers: From:fjinermjx@tmcvmd.com
[11-Nov-2017 09:25:14 CST6CDT] mail() on [/home/primecut/public_html/gmede/bin/MailHandler.php:22]: To: sfakianakis.michael@gmail.com -- Headers: From:mybizpal@gmail.com
[11-Nov-2017 23:03:55 CST6CDT] mail() on [/home/primecut/public_html/gmede/bin/MailHandler.php:22]: To: sfakianakis.michael@gmail.com -- Headers: From:ilztqr@lgkgpxpqnwz.com
[18-Nov-2017 13:11:18 CST6CDT] mail() on [/home/primecut/public_html/gmede/bin/MailHandler.php:22]: To: sfakianakis.michael@gmail.com -- Headers: From:sal@roiresultsmarketing.agency
[23-Nov-2017 08:20:39 CST6CDT] mail() on [/home/primecut/public_html/gmede/bin/MailHandler.php:22]: To: sfakianakis.michael@gmail.com -- Headers: From:E-mail:
[25-Nov-2017 08:02:22 CST6CDT] mail() on [/home/primecut/public_html/gmede/bin/MailHandler.php:22]: To: sfakianakis.michael@gmail.com -- Headers: From:Robert@sparkroimarketing.com
[26-Nov-2017 12:32:25 CST6CDT] mail() on [/home/primecut/public_html/gmede/bin/MailHandler.php:22]: To: sfakianakis.michael@gmail.com -- Headers: From:panamened@mail.ru
[27-Nov-2017 15:19:06 CST6CDT] mail() on [/home/primecut/public_html/gmede/bin/MailHandler.php:22]: To: sfakianakis.michael@gmail.com -- Headers: From:Dean@allhatsmedia.info
[01-Dec-2017 10:05:29 CST6CDT] mail() on [/home/primecut/public_html/gmede/bin/MailHandler.php:22]: To: sfakianakis.michael@gmail.com -- Headers: From:E-mail:
[05-Dec-2017 23:02:50 CST6CDT] mail() on [/home/primecut/public_html/gmede/bin/MailHandler.php:22]: To: sfakianakis.michael@gmail.com -- Headers: From:Robert@sparkroimarketing.com
[09-Dec-2017 00:02:19 CST6CDT] mail() on [/home/primecut/public_html/gmede/bin/MailHandler.php:22]: To: sfakianakis.michael@gmail.com -- Headers: From:Deano@videodomination.net
[13-Dec-2017 14:06:10 CST6CDT] mail() on [/home/primecut/public_html/gmede/bin/MailHandler.php:22]: To:  -- Headers: From:
[21-Dec-2017 20:12:51 CST6CDT] mail() on [/home/primecut/public_html/gmede/bin/MailHandler.php:22]: To: sfakianakis.michael@gmail.com -- Headers: From:robert@sparkroimarketing.info
[23-Dec-2017 19:09:56 CST6CDT] mail() on [/home/primecut/public_html/gmede/bin/MailHandler.php:22]: To: sfakianakis.michael@gmail.com -- Headers: From:vkrfik@gmail.com
[30-Dec-2017 07:56:13 CST6CDT] mail() on [/home/primecut/public_html/gmede/bin/MailHandler.php:22]: To:  -- Headers: From:
[04-Jan-2018 16:01:20 CST6CDT] mail() on [/home/primecut/public_html/gmede/bin/MailHandler.php:22]: To: sfakianakis.michael@gmail.com -- Headers: From:dean@videodomination.online
[05-Jan-2018 15:56:50 CST6CDT] mail() on [/home/primecut/public_html/gmede/bin/MailHandler.php:22]: To: sfakianakis.michael@gmail.com -- Headers: From:E-mail:
[09-Jan-2018 10:35:15 CST6CDT] mail() on [/home/primecut/public_html/gmede/bin/MailHandler.php:22]: To: sfakianakis.michael@gmail.com -- Headers: From:sparkroimarketing@gmail.com
[09-Jan-2018 10:50:18 CST6CDT] mail() on [/home/primecut/public_html/gmede/bin/MailHandler.php:22]: To: sfakianakis.michael@gmail.com -- Headers: From:ivan@mlcrosoft.com
[12-Jan-2018 07:09:52 CST6CDT] mail() on [/home/primecut/public_html/gmede/bin/MailHandler.php:22]: To:  -- Headers: From:
[12-Jan-2018 11:54:15 CST6CDT] mail() on [/home/primecut/public_html/gmede/bin/MailHandler.php:22]: To: sfakianakis.michael@gmail.com -- Headers: From:E-mail:
[15-Jan-2018 18:20:35 CST6CDT] mail() on [/home/primecut/public_html/gmede/bin/MailHandler.php:22]: To: sfakianakis.michael@gmail.com -- Headers: From:dean@videodomination.online
[16-Jan-2018 11:08:30 CST6CDT] mail() on [/home/primecut/public_html/gmede/bin/MailHandler.php:22]: To: sfakianakis.michael@gmail.com -- Headers: From:77926Onyeagu@gmail.com
[16-Jan-2018 16:22:36 CST6CDT] mail() on [/home/primecut/public_html/gmede/bin/MailHandler.php:22]: To:  -- Headers: From:
[17-Jan-2018 01:12:18 CST6CDT] mail() on [/home/primecut/public_html/gmede/bin/MailHandler.php:22]: To: sfakianakis.michael@gmail.com -- Headers: From:robert@sparkroimarketing.info
[18-Jan-2018 17:55:27 CST6CDT] mail() on [/home/primecut/public_html/gmede/bin/MailHandler.php:22]: To: sfakianakis.michael@gmail.com -- Headers: From:E-mail:
[26-Jan-2018 19:47:42 CST6CDT] mail() on [/home/primecut/public_html/gmede/bin/MailHandler.php:22]: To: sfakianakis.michael@gmail.com -- Headers: From:bocftjwbq@gmail.com
[29-Jan-2018 10:56:37 CST6CDT] mail() on [/home/primecut/public_html/gmede/bin/MailHandler.php:22]: To:  -- Headers: From:
[01-Feb-2018 15:21:06 CST6CDT] mail() on [/home/primecut/public_html/gmede/bin/MailHandler.php:22]: To: sfakianakis.michael@gmail.com -- Headers: From:E-mail:
[08-Feb-2018 13:54:12 CST6CDT] mail() on [/home/primecut/public_html/gmede/bin/MailHandler.php:22]: To: sfakianakis.michael@gmail.com -- Headers: From:serverftp2018@mail.ru
[12-Feb-2018 15:41:49 CST6CDT] mail() on [/home/primecut/public_html/gmede/bin/MailHandler.php:22]: To: sfakianakis.michael@gmail.com -- Headers: From:58621Pagan@gmail.com
[12-Feb-2018 20:48:10 CST6CDT] mail() on [/home/primecut/public_html/gmede/bin/MailHandler.php:22]: To:  -- Headers: From:
[15-Feb-2018 18:44:05 CST6CDT] mail() on [/home/primecut/public_html/gmede/bin/MailHandler.php:22]: To:  -- Headers: From:
[19-Feb-2018 14:29:49 CST6CDT] mail() on [/home/primecut/public_html/gmede/bin/MailHandler.php:22]: To: sfakianakis.michael@gmail.com -- Headers: From:esgruffunchee1997@seocdvig.ru
[21-Feb-2018 04:54:41 CST6CDT] mail() on [/home/primecut/public_html/gmede/bin/MailHandler.php:22]: To: sfakianakis.michael@gmail.com -- Headers: From:E-mail:
[21-Feb-2018 05:41:04 CST6CDT] mail() on [/home/primecut/public_html/gmede/bin/MailHandler.php:22]: To: sfakianakis.michael@gmail.com -- Headers: From:549Plocica@gmail.com
[04-Mar-2018 11:17:21 CST6CDT] mail() on [/home/primecut/public_html/gmede/bin/MailHandler.php:22]: To:  -- Headers: From:
[11-Mar-2018 07:09:40 CST6CDT] mail() on [/home/primecut/public_html/gmede/bin/MailHandler.php:22]: To: sfakianakis.michael@gmail.com -- Headers: From:natalia-semshova@mail.ru
[14-Mar-2018 08:17:18 CST6CDT] mail() on [/home/primecut/public_html/gmede/bin/MailHandler.php:22]: To: sfakianakis.michael@gmail.com -- Headers: From:glyctimanri1970@plusgmail.ru
[15-Mar-2018 14:45:55 CST6CDT] mail() on [/home/primecut/public_html/gmede/bin/MailHandler.php:22]: To:  -- Headers: From:
[16-Mar-2018 06:43:58 CST6CDT] mail() on [/home/primecut/public_html/gmede/bin/MailHandler.php:22]: To: sfakianakis.michael@gmail.com -- Headers: From:drembakenteshe@mail.ru
[20-Mar-2018 11:48:33 CST6CDT] mail() on [/home/primecut/public_html/gmede/bin/MailHandler.php:22]: To:  -- Headers: From:
[22-Mar-2018 22:29:01 CST6CDT] mail() on [/home/primecut/public_html/gmede/bin/MailHandler.php:22]: To: sfakianakis.michael@gmail.com -- Headers: From:trista@regiopost.top
[23-Mar-2018 05:40:59 CST6CDT] mail() on [/home/primecut/public_html/gmede/bin/MailHandler.php:22]: To: sfakianakis.michael@gmail.com -- Headers: From:E-mail:
